<?xml version="1.0" encoding="UTF-8"?>
<!-- Generated by org.testng.reporters.JUnitXMLReporter -->
<testsuite hostname="LAPTOP-38VJHH8C" ignored="0" name="TC005_AssertionConcept" tests="2" failures="1" timestamp="28 Dec 2021 02:03:33 GMT" time="0.009" errors="0">
  <testcase name="verifyValuesUsingAssertions" time="0.003" classname="smokeSuite.TC005_AssertionConcept">
    <failure type="java.lang.AssertionError" message="*****************Button is missing*******************  expected [true] but found [false]">
      <![CDATA[java.lang.AssertionError: *****************Button is missing*******************  expected [true] but found [false]
at smokeSuite.TC005_AssertionConcept.verifyValuesUsingAssertions(TC005_AssertionConcept.java:19)
... Removed 28 stack frames]]>
    </failure>
  </testcase> <!-- verifyValuesUsingAssertions -->
  <testcase name="displayMessage" time="0.001" classname="smokeSuite.TC005_AssertionConcept"/>
</testsuite> <!-- TC005_AssertionConcept -->
