<?xml version="1.0" encoding="UTF-8"?>
<!-- Generated by org.testng.reporters.JUnitXMLReporter -->
<testsuite hostname="LAPTOP-38VJHH8C" ignored="0" name="TC006_SoftAssertionsConcept" tests="1" failures="1" timestamp="28 Dec 2021 02:03:33 GMT" time="0.005" errors="0">
  <testcase name="verifyValuesUsingAssertions" time="0.004" classname="smokeSuite.TC006_SoftAssertionsConcept">
    <failure type="java.lang.AssertionError" message="expected [true] but found [false]">
      <![CDATA[java.lang.AssertionError: expected [true] but found [false]
at smokeSuite.TC006_SoftAssertionsConcept.verifyValuesUsingAssertions(TC006_SoftAssertionsConcept.java:18)
... Removed 29 stack frames]]>
    </failure>
  </testcase> <!-- verifyValuesUsingAssertions -->
</testsuite> <!-- TC006_SoftAssertionsConcept -->
